Performing C SOURCE FILE Test CMAKE_HAVE_LIBC_PTHREAD failed with the following output:
Change Dir: /home/pi/code/DTB_Lab/build/CMakeFiles/CMakeTmp

Run Build Command(s):/usr/bin/gmake cmTC_9442a/fast && /usr/bin/gmake  -f CMakeFiles/cmTC_9442a.dir/build.make CMakeFiles/cmTC_9442a.dir/build
gmake[1]: Entering directory '/home/pi/code/DTB_Lab/build/CMakeFiles/CMakeTmp'
Building C object CMakeFiles/cmTC_9442a.dir/src.c.o
/usr/bin/arm-linux-gnueabihf-gcc   -DCMAKE_HAVE_LIBC_PTHREAD -o CMakeFiles/cmTC_9442a.dir/src.c.o -c /home/pi/code/DTB_Lab/build/CMakeFiles/CMakeTmp/src.c
Linking C executable cmTC_9442a
/usr/bin/cmake -E cmake_link_script CMakeFiles/cmTC_9442a.dir/link.txt --verbose=1
/usr/bin/arm-linux-gnueabihf-gcc  -DCMAKE_HAVE_LIBC_PTHREAD -rdynamic CMakeFiles/cmTC_9442a.dir/src.c.o -o cmTC_9442a 
/usr/bin/ld: CMakeFiles/cmTC_9442a.dir/src.c.o: in function `main':
src.c:(.text+0x40): undefined reference to `pthread_create'
/usr/bin/ld: src.c:(.text+0x4c): undefined reference to `pthread_detach'
/usr/bin/ld: src.c:(.text+0x58): undefined reference to `pthread_cancel'
/usr/bin/ld: src.c:(.text+0x68): undefined reference to `pthread_join'
collect2: error: ld returned 1 exit status
gmake[1]: *** [CMakeFiles/cmTC_9442a.dir/build.make:106: cmTC_9442a] Error 1
gmake[1]: Leaving directory '/home/pi/code/DTB_Lab/build/CMakeFiles/CMakeTmp'
gmake: *** [Makefile:140: cmTC_9442a/fast] Error 2


Source file was:
#include <pthread.h>

void* test_func(void* data)
{
  return data;
}

int main(void)
{
  pthread_t thread;
  pthread_create(&thread, NULL, test_func, NULL);
  pthread_detach(thread);
  pthread_cancel(thread);
  pthread_join(thread, NULL);
  pthread_atfork(NULL, NULL, NULL);
  pthread_exit(NULL);

  return 0;
}

Determining if the function pthread_create exists in the pthreads failed with the following output:
Change Dir: /home/pi/code/DTB_Lab/build/CMakeFiles/CMakeTmp

Run Build Command(s):/usr/bin/gmake cmTC_ad804/fast && /usr/bin/gmake  -f CMakeFiles/cmTC_ad804.dir/build.make CMakeFiles/cmTC_ad804.dir/build
gmake[1]: Entering directory '/home/pi/code/DTB_Lab/build/CMakeFiles/CMakeTmp'
Building C object CMakeFiles/cmTC_ad804.dir/CheckFunctionExists.c.o
/usr/bin/arm-linux-gnueabihf-gcc   -DCHECK_FUNCTION_EXISTS=pthread_create -o CMakeFiles/cmTC_ad804.dir/CheckFunctionExists.c.o -c /usr/share/cmake-3.18/Modules/CheckFunctionExists.c
Linking C executable cmTC_ad804
/usr/bin/cmake -E cmake_link_script CMakeFiles/cmTC_ad804.dir/link.txt --verbose=1
/usr/bin/arm-linux-gnueabihf-gcc  -DCHECK_FUNCTION_EXISTS=pthread_create -rdynamic CMakeFiles/cmTC_ad804.dir/CheckFunctionExists.c.o -o cmTC_ad804  -lpthreads 
/usr/bin/ld: cannot find -lpthreads
collect2: error: ld returned 1 exit status
gmake[1]: *** [CMakeFiles/cmTC_ad804.dir/build.make:106: cmTC_ad804] Error 1
gmake[1]: Leaving directory '/home/pi/code/DTB_Lab/build/CMakeFiles/CMakeTmp'
gmake: *** [Makefile:140: cmTC_ad804/fast] Error 2



